<?xml version="1.0" encoding="UTF-8"?>
<!-- Generated by org.testng.reporters.JUnitReportReporter -->
<testsuite skipped="0" hostname="DESKTOP-IR96KK7" name="E2E_MobileAutomation.RahulMobileAutomaiton.ApiDemoTest" tests="2" failures="0" timestamp="04 Feb 2021 19:38:21 GMT" time="84.463" errors="0">
  <testcase name="apiDemo" time="42.366" classname="E2E_MobileAutomation.RahulMobileAutomaiton.ApiDemoTest"/>
  <testcase name="apiDemo" time="42.097" classname="E2E_MobileAutomation.RahulMobileAutomaiton.ApiDemoTest"/>
</testsuite> <!-- E2E_MobileAutomation.RahulMobileAutomaiton.ApiDemoTest -->
