<?xml version="1.0" encoding="UTF-8"?>
<!-- Generated by org.testng.reporters.JUnitReportReporter -->
<testsuite skipped="0" hostname="DESKTOP-IR96KK7" name="E2E_MobileAutomation.RahulMobileAutomaiton.Ecommerce_tc_4" tests="1" failures="0" timestamp="04 Feb 2021 19:38:21 GMT" time="50.321" errors="0">
  <testcase name="totalValidation" time="50.321" classname="E2E_MobileAutomation.RahulMobileAutomaiton.Ecommerce_tc_4"/>
</testsuite> <!-- E2E_MobileAutomation.RahulMobileAutomaiton.Ecommerce_tc_4 -->
