<?xml version="1.0" encoding="UTF-8"?>
<!-- Generated by org.testng.reporters.JUnitReportReporter -->
<testsuite skipped="0" hostname="DESKTOP-IR96KK7" name="E2E_MobileAutomation.RahulMobileAutomaiton.ApiDemoTest" tests="2" failures="0" timestamp="05 Feb 2021 03:31:57 GMT" time="82.261" errors="0">
  <testcase name="apiDemo" time="41.824" classname="E2E_MobileAutomation.RahulMobileAutomaiton.ApiDemoTest"/>
  <testcase name="apiDemo" time="40.437" classname="E2E_MobileAutomation.RahulMobileAutomaiton.ApiDemoTest"/>
</testsuite> <!-- E2E_MobileAutomation.RahulMobileAutomaiton.ApiDemoTest -->
