<?xml version="1.0" encoding="UTF-8"?>
<!-- Generated by org.testng.reporters.JUnitReportReporter -->
<testsuite skipped="0" hostname="DESKTOP-IR96KK7" name="E2E_MobileAutomation.RahulMobileAutomaiton.Ecommerce_tc_4" tests="1" failures="0" timestamp="05 Feb 2021 03:31:57 GMT" time="58.282" errors="0">
  <testcase name="totalValidation" time="58.282" classname="E2E_MobileAutomation.RahulMobileAutomaiton.Ecommerce_tc_4"/>
</testsuite> <!-- E2E_MobileAutomation.RahulMobileAutomaiton.Ecommerce_tc_4 -->
